1.8860 	WARNING 	We strongly recommend you activate the PTB sound engine in PsychoPy prefs as the preferred audio engine. Its timing is vastly superior. Your prefs are currently set to use ['sounddevice', 'PTB', 'pyo', 'pygame'] (in that order).
7.3189 	WARNING 	User requested fullscreen with size [1024  768], but screen is actually [1920, 1080]. Using actual size
8.7823 	EXP 	Created window1 = Window(allowGUI=True, allowStencil=False, autoLog=True, backendConf=UNKNOWN, bitsMode=UNKNOWN, blendMode='avg', bpc=(8, 8, 8), color=array([0, 0, 0]), colorSpace='rgb', depthBits=8, fullscr=<method-wrapper '__getattribute__' of attributeSetter object at 0x0000018B42258E80>, gamma=None, gammaErrorPolicy='raise', lms=UNKNOWN, monitor=<psychopy.monitors.calibTools.Monitor object at 0x0000018B45DCB430>, multiSample=False, name='window1', numSamples=2, pos=(0, 0), screen=0, size=array([1920, 1080]), stencilBits=0, stereo=False, units='height', useFBO=True, useRetina=False, viewOri=0.0, viewPos=None, viewScale=None, waitBlanking=True, winType='pyglet')
8.7824 	EXP 	window1: mouseVisible = True
8.7826 	EXP 	window1: mouseVisible = False
8.7826 	EXP 	window1: Attempting to measure frame rate of screen (0) ...
8.7826 	EXP 	window1: recordFrameIntervals = False
8.9481 	EXP 	window1: recordFrameIntervals = True
9.1323 	EXP 	Screen (0) actual frame rate measured at 59.96Hz
9.1324 	EXP 	window1: recordFrameIntervals = False
12.6072 	EXP 	Created fixation = ShapeStim(__class__=<class 'psychopy.visual.shape.ShapeStim'>, anchor=('center', 'center'), autoDraw=False, autoLog=True, closeShape=True, color=method-wrapper(...), colorSpace='rgb', contrast=None, depth=0.0, fillColor=array([1, 1, 1]), fillColorSpace='rgb', fillRGB=array([1, 1, 1]), interpolate=True, lineColor=array([1, 1, 1]), lineColorSpace='rgb', lineRGB=array([1, 1, 1]), lineWidth=1.0, name='fixation', opacity=1.0, ori=0.0, pos=array([0., 0.]), size=array([10., 10.]), units='pix', vertices=ndarray(...), win=Window(...), windingRule=None)
12.6247 	EXP 	Created grating = GratingStim(__class__=<class 'psychopy.visual.grating.GratingStim'>, anchor='center', autoDraw=False, autoLog=True, blendmode='avg', color=array([0.3, 0.3, 0.3]), colorSpace='rgb', contrast=0.3, depth=-1.0, interpolate=True, mask='gauss', maskParams=None, name='grating', opacity=1.0, ori=1.0, phase=array([0., 0.]), pos=array([0., 0.]), rgbPedestal=array([0., 0., 0.]), sf=array([5., 5.]), size=array([0.2, 0.2]), tex='sin', texRes=128.0, units='height', win=Window(...))
12.6262 	EXP 	Created sequence: random, trialTypes=1, nReps=100, seed=None
12.6266 	EXP 	New trial (rep=0, index=0): None
12.6290 	DATA 	Keypress: up
12.6419 	EXP 	grating: ori = 0.0
12.6419 	EXP 	fixation: autoDraw = True
13.5654 	DATA 	Keypress: up
13.6602 	EXP 	grating: autoDraw = True
13.6602 	EXP 	grating: tex = 'sin'
13.6632 	EXP 	fixation: autoDraw = False
13.9639 	EXP 	grating: autoDraw = False
16.6670 	EXP 	New trial (rep=1, index=0): None
16.6681 	DATA 	Keypress: up
16.6801 	EXP 	fixation: autoDraw = False
16.6801 	EXP 	grating: autoDraw = False
16.6801 	EXP 	grating: ori = 0.0
16.6801 	EXP 	fixation: autoDraw = True
17.6801 	EXP 	fixation: autoDraw = False
17.6801 	EXP 	grating: autoDraw = True
17.9801 	EXP 	grating: autoDraw = False
18.2011 	EXP 	New trial (rep=2, index=0): None
18.2034 	DATA 	Keypress: up
18.2132 	EXP 	fixation: autoDraw = False
18.2132 	EXP 	grating: autoDraw = False
18.2132 	EXP 	grating: ori = 4.0
18.2132 	EXP 	fixation: autoDraw = True
19.2132 	EXP 	fixation: autoDraw = False
19.2132 	EXP 	grating: autoDraw = True
19.5127 	EXP 	grating: autoDraw = False
19.5645 	EXP 	New trial (rep=3, index=0): None
19.5657 	DATA 	Keypress: up
19.5797 	EXP 	fixation: autoDraw = False
19.5797 	EXP 	grating: autoDraw = False
19.5797 	EXP 	grating: ori = 0.0
19.5797 	EXP 	fixation: autoDraw = True
20.5796 	EXP 	fixation: autoDraw = False
20.5796 	EXP 	grating: autoDraw = True
20.8794 	EXP 	grating: autoDraw = False
21.1650 	EXP 	New trial (rep=4, index=0): None
21.1660 	DATA 	Keypress: up
21.1793 	EXP 	fixation: autoDraw = False
21.1793 	EXP 	grating: autoDraw = False
21.1793 	EXP 	grating: ori = 0.0
21.1793 	EXP 	fixation: autoDraw = True
22.1794 	EXP 	fixation: autoDraw = False
22.1794 	EXP 	grating: autoDraw = True
22.4792 	EXP 	grating: autoDraw = False
22.6646 	EXP 	New trial (rep=5, index=0): None
22.6658 	DATA 	Keypress: up
22.6791 	EXP 	fixation: autoDraw = False
22.6791 	EXP 	grating: autoDraw = False
22.6791 	EXP 	grating: ori = 0.0
22.6791 	EXP 	fixation: autoDraw = True
23.6794 	EXP 	fixation: autoDraw = False
23.6794 	EXP 	grating: autoDraw = True
23.9792 	EXP 	grating: autoDraw = False
24.2162 	EXP 	New trial (rep=6, index=0): None
24.2185 	DATA 	Keypress: up
24.2292 	EXP 	fixation: autoDraw = False
24.2292 	EXP 	grating: autoDraw = False
24.2292 	EXP 	grating: ori = 0.0
24.2292 	EXP 	fixation: autoDraw = True
25.2289 	EXP 	fixation: autoDraw = False
25.2289 	EXP 	grating: autoDraw = True
25.5287 	EXP 	grating: autoDraw = False
29.1331 	EXP 	New trial (rep=7, index=0): None
29.1349 	DATA 	Keypress: up
29.1451 	EXP 	fixation: autoDraw = False
29.1451 	EXP 	grating: autoDraw = False
29.1451 	EXP 	grating: ori = 0.0
29.1451 	EXP 	fixation: autoDraw = True
30.1450 	EXP 	fixation: autoDraw = False
30.1450 	EXP 	grating: autoDraw = True
30.4448 	EXP 	grating: autoDraw = False
31.4970 	EXP 	New trial (rep=8, index=0): None
31.4980 	DATA 	Keypress: down
31.5113 	EXP 	fixation: autoDraw = False
31.5113 	EXP 	grating: autoDraw = False
31.5113 	EXP 	grating: ori = 0.0
31.5113 	EXP 	fixation: autoDraw = True
32.5114 	EXP 	fixation: autoDraw = False
32.5114 	EXP 	grating: autoDraw = True
32.8111 	EXP 	grating: autoDraw = False
33.2137 	EXP 	New trial (rep=9, index=0): None
33.2147 	DATA 	Keypress: up
33.2276 	EXP 	fixation: autoDraw = False
33.2276 	EXP 	grating: autoDraw = False
33.2276 	EXP 	grating: ori = 1.0
33.2276 	EXP 	fixation: autoDraw = True
34.2277 	EXP 	fixation: autoDraw = False
34.2277 	EXP 	grating: autoDraw = True
34.5275 	EXP 	grating: autoDraw = False
34.7962 	EXP 	New trial (rep=10, index=0): None
34.7972 	DATA 	Keypress: up
34.8108 	EXP 	fixation: autoDraw = False
34.8108 	EXP 	grating: autoDraw = False
34.8108 	EXP 	grating: ori = -2.0
34.8108 	EXP 	fixation: autoDraw = True
35.8110 	EXP 	fixation: autoDraw = False
35.8110 	EXP 	grating: autoDraw = True
36.1111 	EXP 	grating: autoDraw = False
36.2977 	EXP 	New trial (rep=11, index=0): None
36.2988 	DATA 	Keypress: up
36.3106 	EXP 	fixation: autoDraw = False
36.3106 	EXP 	grating: autoDraw = False
36.3106 	EXP 	grating: ori = -2.0
36.3106 	EXP 	fixation: autoDraw = True
37.3106 	EXP 	fixation: autoDraw = False
37.3106 	EXP 	grating: autoDraw = True
37.6105 	EXP 	grating: autoDraw = False
37.7820 	EXP 	New trial (rep=12, index=0): None
37.7840 	DATA 	Keypress: up
37.7941 	EXP 	fixation: autoDraw = False
37.7941 	EXP 	grating: autoDraw = False
37.7941 	EXP 	grating: ori = 0.0
37.7941 	EXP 	fixation: autoDraw = True
38.7940 	EXP 	fixation: autoDraw = False
38.7940 	EXP 	grating: autoDraw = True
39.0936 	EXP 	grating: autoDraw = False
39.3961 	EXP 	New trial (rep=13, index=0): None
39.3971 	DATA 	Keypress: up
39.4104 	EXP 	fixation: autoDraw = False
39.4104 	EXP 	grating: autoDraw = False
39.4104 	EXP 	grating: ori = -2.0
39.4104 	EXP 	fixation: autoDraw = True
40.4103 	EXP 	fixation: autoDraw = False
40.4103 	EXP 	grating: autoDraw = True
40.7103 	EXP 	grating: autoDraw = False
41.3958 	EXP 	New trial (rep=14, index=0): None
41.3968 	DATA 	Keypress: down
41.4103 	EXP 	fixation: autoDraw = False
41.4103 	EXP 	grating: autoDraw = False
41.4103 	EXP 	grating: ori = 3.0
41.4103 	EXP 	fixation: autoDraw = True
42.4098 	EXP 	fixation: autoDraw = False
42.4098 	EXP 	grating: autoDraw = True
42.7097 	EXP 	grating: autoDraw = False
43.2288 	EXP 	New trial (rep=15, index=0): None
43.2299 	DATA 	Keypress: down
43.2433 	EXP 	fixation: autoDraw = False
43.2433 	EXP 	grating: autoDraw = False
43.2433 	EXP 	grating: ori = 4.0
43.2433 	EXP 	fixation: autoDraw = True
44.2433 	EXP 	fixation: autoDraw = False
44.2433 	EXP 	grating: autoDraw = True
44.5433 	EXP 	grating: autoDraw = False
44.8469 	EXP 	New trial (rep=16, index=0): None
44.8485 	DATA 	Keypress: down
44.8598 	EXP 	fixation: autoDraw = False
44.8598 	EXP 	grating: autoDraw = False
44.8598 	EXP 	grating: ori = -2.0
44.8598 	EXP 	fixation: autoDraw = True
45.8595 	EXP 	fixation: autoDraw = False
45.8595 	EXP 	grating: autoDraw = True
46.1595 	EXP 	grating: autoDraw = False
46.6286 	EXP 	New trial (rep=17, index=0): None
46.6296 	DATA 	Keypress: down
46.6427 	EXP 	fixation: autoDraw = False
46.6427 	EXP 	grating: autoDraw = False
46.6427 	EXP 	grating: ori = 0.0
46.6427 	EXP 	fixation: autoDraw = True
47.6426 	EXP 	fixation: autoDraw = False
47.6426 	EXP 	grating: autoDraw = True
47.9425 	EXP 	grating: autoDraw = False
48.1613 	EXP 	New trial (rep=18, index=0): None
48.1623 	DATA 	Keypress: up
48.1760 	EXP 	fixation: autoDraw = False
48.1760 	EXP 	grating: autoDraw = False
48.1760 	EXP 	grating: ori = 4.0
48.1760 	EXP 	fixation: autoDraw = True
49.1759 	EXP 	fixation: autoDraw = False
49.1759 	EXP 	grating: autoDraw = True
49.4758 	EXP 	grating: autoDraw = False
49.8112 	EXP 	New trial (rep=19, index=0): None
49.8191 	DATA 	Keypress: down
49.8261 	EXP 	fixation: autoDraw = False
49.8261 	EXP 	grating: autoDraw = False
49.8261 	EXP 	grating: ori = -2.0
49.8261 	EXP 	fixation: autoDraw = True
50.8254 	EXP 	fixation: autoDraw = False
50.8254 	EXP 	grating: autoDraw = True
51.1256 	EXP 	grating: autoDraw = False
51.5781 	EXP 	New trial (rep=20, index=0): None
51.5792 	DATA 	Keypress: down
51.5920 	EXP 	fixation: autoDraw = False
51.5920 	EXP 	grating: autoDraw = False
51.5920 	EXP 	grating: ori = 4.0
51.5920 	EXP 	fixation: autoDraw = True
52.5921 	EXP 	fixation: autoDraw = False
52.5921 	EXP 	grating: autoDraw = True
52.8921 	EXP 	grating: autoDraw = False
53.4277 	EXP 	New trial (rep=21, index=0): None
53.4286 	DATA 	Keypress: down
53.4418 	EXP 	fixation: autoDraw = False
53.4418 	EXP 	grating: autoDraw = False
53.4418 	EXP 	grating: ori = 0.0
53.4418 	EXP 	fixation: autoDraw = True
54.4417 	EXP 	fixation: autoDraw = False
54.4417 	EXP 	grating: autoDraw = True
54.7415 	EXP 	grating: autoDraw = False
55.3127 	EXP 	New trial (rep=22, index=0): None
55.3145 	DATA 	Keypress: up
55.3254 	EXP 	fixation: autoDraw = False
55.3254 	EXP 	grating: autoDraw = False
55.3254 	EXP 	grating: ori = 3.0
55.3254 	EXP 	fixation: autoDraw = True
56.3249 	EXP 	fixation: autoDraw = False
56.3249 	EXP 	grating: autoDraw = True
56.6248 	EXP 	grating: autoDraw = False
57.1102 	EXP 	New trial (rep=23, index=0): None
57.1112 	DATA 	Keypress: down
57.1247 	EXP 	fixation: autoDraw = False
57.1247 	EXP 	grating: autoDraw = False
57.1247 	EXP 	grating: ori = 0.0
57.1247 	EXP 	fixation: autoDraw = True
58.1247 	EXP 	fixation: autoDraw = False
58.1247 	EXP 	grating: autoDraw = True
58.4246 	EXP 	grating: autoDraw = False
58.8763 	DATA 	Keypress: down
58.8933 	EXP 	New trial (rep=24, index=0): None
58.9078 	EXP 	fixation: autoDraw = False
58.9078 	EXP 	grating: autoDraw = False
58.9078 	EXP 	grating: ori = 0.0
58.9078 	EXP 	fixation: autoDraw = True
59.9077 	EXP 	fixation: autoDraw = False
59.9077 	EXP 	grating: autoDraw = True
60.2078 	EXP 	grating: autoDraw = False
60.4948 	EXP 	New trial (rep=25, index=0): None
60.4967 	DATA 	Keypress: down
60.5077 	EXP 	fixation: autoDraw = False
60.5077 	EXP 	grating: autoDraw = False
60.5077 	EXP 	grating: ori = 0.0
60.5077 	EXP 	fixation: autoDraw = True
61.5073 	EXP 	fixation: autoDraw = False
61.5073 	EXP 	grating: autoDraw = True
61.8073 	EXP 	grating: autoDraw = False
62.0943 	EXP 	New trial (rep=26, index=0): None
62.0954 	DATA 	Keypress: down
62.1074 	EXP 	fixation: autoDraw = False
62.1074 	EXP 	grating: autoDraw = False
62.1074 	EXP 	grating: ori = 3.0
62.1074 	EXP 	fixation: autoDraw = True
63.1074 	EXP 	fixation: autoDraw = False
63.1074 	EXP 	grating: autoDraw = True
63.4071 	EXP 	grating: autoDraw = False
63.7438 	EXP 	New trial (rep=27, index=0): None
63.7448 	DATA 	Keypress: down
63.7572 	EXP 	fixation: autoDraw = False
63.7572 	EXP 	grating: autoDraw = False
63.7572 	EXP 	grating: ori = 0.0
63.7572 	EXP 	fixation: autoDraw = True
64.7573 	EXP 	fixation: autoDraw = False
64.7573 	EXP 	grating: autoDraw = True
65.0572 	EXP 	grating: autoDraw = False
65.6275 	EXP 	New trial (rep=28, index=0): None
65.6297 	DATA 	Keypress: down
65.6405 	EXP 	fixation: autoDraw = False
65.6405 	EXP 	grating: autoDraw = False
65.6405 	EXP 	grating: ori = 0.0
65.6405 	EXP 	fixation: autoDraw = True
66.6402 	EXP 	fixation: autoDraw = False
66.6402 	EXP 	grating: autoDraw = True
66.9400 	EXP 	grating: autoDraw = False
67.4244 	EXP 	New trial (rep=29, index=0): None
67.4250 	DATA 	Keypress: down
67.4402 	EXP 	fixation: autoDraw = False
67.4402 	EXP 	grating: autoDraw = False
67.4402 	EXP 	grating: ori = -2.0
67.4402 	EXP 	fixation: autoDraw = True
68.4233 	EXP 	grating: autoDraw = True
68.4399 	EXP 	fixation: autoDraw = False
68.7232 	EXP 	grating: autoDraw = False
69.1591 	EXP 	New trial (rep=30, index=0): None
69.1601 	DATA 	Keypress: up
69.1729 	EXP 	fixation: autoDraw = False
69.1729 	EXP 	grating: autoDraw = False
69.1729 	EXP 	grating: ori = -3.0
69.1729 	EXP 	fixation: autoDraw = True
70.1731 	EXP 	fixation: autoDraw = False
70.1731 	EXP 	grating: autoDraw = True
70.4731 	EXP 	grating: autoDraw = False
70.7420 	EXP 	New trial (rep=31, index=0): None
70.7430 	DATA 	Keypress: up
70.7564 	EXP 	fixation: autoDraw = False
70.7564 	EXP 	grating: autoDraw = False
70.7564 	EXP 	grating: ori = 0.0
70.7564 	EXP 	fixation: autoDraw = True
71.7562 	EXP 	fixation: autoDraw = False
71.7562 	EXP 	grating: autoDraw = True
72.0559 	EXP 	grating: autoDraw = False
72.7253 	EXP 	New trial (rep=32, index=0): None
72.7264 	DATA 	Keypress: up
72.7393 	EXP 	fixation: autoDraw = False
72.7393 	EXP 	grating: autoDraw = False
72.7393 	EXP 	grating: ori = -5.0
72.7393 	EXP 	fixation: autoDraw = True
73.7394 	EXP 	fixation: autoDraw = False
73.7394 	EXP 	grating: autoDraw = True
74.0392 	EXP 	grating: autoDraw = False
74.4247 	EXP 	New trial (rep=33, index=0): None
74.4258 	DATA 	Keypress: down
74.4393 	EXP 	fixation: autoDraw = False
74.4393 	EXP 	grating: autoDraw = False
74.4393 	EXP 	grating: ori = -3.0
74.4393 	EXP 	fixation: autoDraw = True
75.4391 	EXP 	fixation: autoDraw = False
75.4391 	EXP 	grating: autoDraw = True
75.7389 	EXP 	grating: autoDraw = False
76.1437 	EXP 	New trial (rep=34, index=0): None
76.1457 	DATA 	Keypress: down
76.1557 	EXP 	fixation: autoDraw = False
76.1557 	EXP 	grating: autoDraw = False
76.1557 	EXP 	grating: ori = 0.0
76.1557 	EXP 	fixation: autoDraw = True
77.1554 	EXP 	fixation: autoDraw = False
77.1554 	EXP 	grating: autoDraw = True
77.4552 	EXP 	grating: autoDraw = False
77.8085 	EXP 	New trial (rep=35, index=0): None
77.8095 	DATA 	Keypress: up
77.8219 	EXP 	fixation: autoDraw = False
77.8219 	EXP 	grating: autoDraw = False
77.8219 	EXP 	grating: ori = 0.0
77.8219 	EXP 	fixation: autoDraw = True
78.8218 	EXP 	fixation: autoDraw = False
78.8218 	EXP 	grating: autoDraw = True
79.1218 	EXP 	grating: autoDraw = False
79.3586 	EXP 	New trial (rep=36, index=0): None
79.3596 	DATA 	Keypress: up
79.3719 	EXP 	fixation: autoDraw = False
79.3719 	EXP 	grating: autoDraw = False
79.3719 	EXP 	grating: ori = 0.0
79.3719 	EXP 	fixation: autoDraw = True
80.3719 	EXP 	fixation: autoDraw = False
80.3719 	EXP 	grating: autoDraw = True
80.6720 	EXP 	grating: autoDraw = False
80.9405 	EXP 	New trial (rep=37, index=0): None
80.9416 	DATA 	Keypress: up
80.9551 	EXP 	fixation: autoDraw = False
80.9551 	EXP 	grating: autoDraw = False
80.9551 	EXP 	grating: ori = 0.0
80.9551 	EXP 	fixation: autoDraw = True
81.9549 	EXP 	fixation: autoDraw = False
81.9549 	EXP 	grating: autoDraw = True
82.2548 	EXP 	grating: autoDraw = False
82.7746 	EXP 	New trial (rep=38, index=0): None
82.7756 	DATA 	Keypress: down
82.7883 	EXP 	fixation: autoDraw = False
82.7883 	EXP 	grating: autoDraw = False
82.7883 	EXP 	grating: ori = 0.0
82.7883 	EXP 	fixation: autoDraw = True
83.7879 	EXP 	fixation: autoDraw = False
83.7879 	EXP 	grating: autoDraw = True
84.0881 	EXP 	grating: autoDraw = False
84.6568 	EXP 	New trial (rep=39, index=0): None
84.6579 	DATA 	Keypress: down
84.6711 	EXP 	fixation: autoDraw = False
84.6711 	EXP 	grating: autoDraw = False
84.6711 	EXP 	grating: ori = 0.0
84.6711 	EXP 	fixation: autoDraw = True
85.6715 	EXP 	fixation: autoDraw = False
85.6715 	EXP 	grating: autoDraw = True
85.9713 	EXP 	grating: autoDraw = False
86.3061 	DATA 	Keypress: up
86.3238 	EXP 	New trial (rep=40, index=0): None
86.3377 	EXP 	fixation: autoDraw = False
86.3377 	EXP 	grating: autoDraw = False
86.3377 	EXP 	grating: ori = 0.0
86.3377 	EXP 	fixation: autoDraw = True
87.3377 	EXP 	fixation: autoDraw = False
87.3377 	EXP 	grating: autoDraw = True
87.6375 	EXP 	grating: autoDraw = False
87.9070 	EXP 	New trial (rep=41, index=0): None
87.9080 	DATA 	Keypress: up
87.9205 	EXP 	fixation: autoDraw = False
87.9205 	EXP 	grating: autoDraw = False
87.9205 	EXP 	grating: ori = 0.0
87.9205 	EXP 	fixation: autoDraw = True
88.9206 	EXP 	fixation: autoDraw = False
88.9206 	EXP 	grating: autoDraw = True
89.2205 	EXP 	grating: autoDraw = False
89.8061 	EXP 	New trial (rep=42, index=0): None
89.8072 	DATA 	Keypress: up
89.8205 	EXP 	fixation: autoDraw = False
89.8205 	EXP 	grating: autoDraw = False
89.8205 	EXP 	grating: ori = 3.0
89.8205 	EXP 	fixation: autoDraw = True
90.8205 	EXP 	fixation: autoDraw = False
90.8205 	EXP 	grating: autoDraw = True
91.1204 	EXP 	grating: autoDraw = False
91.3738 	EXP 	New trial (rep=43, index=0): None
91.3748 	DATA 	Keypress: up
91.3869 	EXP 	fixation: autoDraw = False
91.3869 	EXP 	grating: autoDraw = False
91.3869 	EXP 	grating: ori = 2.0
91.3869 	EXP 	fixation: autoDraw = True
92.3870 	EXP 	fixation: autoDraw = False
92.3870 	EXP 	grating: autoDraw = True
92.6867 	EXP 	grating: autoDraw = False
92.8396 	EXP 	New trial (rep=44, index=0): None
92.8407 	DATA 	Keypress: up
92.8532 	EXP 	fixation: autoDraw = False
92.8532 	EXP 	grating: autoDraw = False
92.8532 	EXP 	grating: ori = 0.0
92.8532 	EXP 	fixation: autoDraw = True
93.8533 	EXP 	fixation: autoDraw = False
93.8533 	EXP 	grating: autoDraw = True
94.1533 	EXP 	grating: autoDraw = False
94.6389 	EXP 	New trial (rep=45, index=0): None
94.6399 	DATA 	Keypress: up
94.6533 	EXP 	fixation: autoDraw = False
94.6533 	EXP 	grating: autoDraw = False
94.6533 	EXP 	grating: ori = -1.0
94.6533 	EXP 	fixation: autoDraw = True
95.6530 	EXP 	fixation: autoDraw = False
95.6530 	EXP 	grating: autoDraw = True
95.9532 	EXP 	grating: autoDraw = False
96.4220 	EXP 	New trial (rep=46, index=0): None
96.4230 	DATA 	Keypress: down
96.4362 	EXP 	fixation: autoDraw = False
96.4362 	EXP 	grating: autoDraw = False
96.4362 	EXP 	grating: ori = -2.0
96.4362 	EXP 	fixation: autoDraw = True
97.4363 	EXP 	fixation: autoDraw = False
97.4363 	EXP 	grating: autoDraw = True
97.7360 	EXP 	grating: autoDraw = False
98.3393 	EXP 	New trial (rep=47, index=0): None
98.3406 	DATA 	Keypress: down
98.3530 	EXP 	fixation: autoDraw = False
98.3530 	EXP 	grating: autoDraw = False
98.3530 	EXP 	grating: ori = 1.0
98.3530 	EXP 	fixation: autoDraw = True
99.3531 	EXP 	fixation: autoDraw = False
99.3531 	EXP 	grating: autoDraw = True
99.6524 	EXP 	grating: autoDraw = False
100.1217 	EXP 	New trial (rep=48, index=0): None
100.1227 	DATA 	Keypress: up
100.1360 	EXP 	fixation: autoDraw = False
100.1360 	EXP 	grating: autoDraw = False
100.1360 	EXP 	grating: ori = 0.0
100.1360 	EXP 	fixation: autoDraw = True
101.1361 	EXP 	fixation: autoDraw = False
101.1361 	EXP 	grating: autoDraw = True
101.4360 	EXP 	grating: autoDraw = False
101.6884 	EXP 	New trial (rep=49, index=0): None
101.6892 	DATA 	Keypress: up
101.6907 	EXP 	fixation: autoDraw = False
101.6907 	EXP 	grating: autoDraw = False
101.6907 	EXP 	grating: ori = 1.0
101.6907 	EXP 	fixation: autoDraw = True
102.7026 	EXP 	fixation: autoDraw = False
102.7026 	EXP 	grating: autoDraw = True
103.0024 	EXP 	grating: autoDraw = False
103.2587 	EXP 	New trial (rep=50, index=0): None
103.2604 	DATA 	Keypress: up
103.2687 	EXP 	fixation: autoDraw = False
103.2687 	EXP 	grating: autoDraw = False
103.2687 	EXP 	grating: ori = 0.0
103.2687 	EXP 	fixation: autoDraw = True
104.2689 	EXP 	fixation: autoDraw = False
104.2689 	EXP 	grating: autoDraw = True
104.5689 	EXP 	grating: autoDraw = False
104.8724 	EXP 	New trial (rep=51, index=0): None
104.8741 	DATA 	Keypress: up
104.8853 	EXP 	fixation: autoDraw = False
104.8853 	EXP 	grating: autoDraw = False
104.8853 	EXP 	grating: ori = 0.0
104.8853 	EXP 	fixation: autoDraw = True
105.8855 	EXP 	fixation: autoDraw = False
105.8855 	EXP 	grating: autoDraw = True
106.1852 	EXP 	grating: autoDraw = False
106.4899 	EXP 	New trial (rep=52, index=0): None
106.4917 	DATA 	Keypress: up
106.5019 	EXP 	fixation: autoDraw = False
106.5019 	EXP 	grating: autoDraw = False
106.5019 	EXP 	grating: ori = 0.0
106.5019 	EXP 	fixation: autoDraw = True
107.5017 	EXP 	fixation: autoDraw = False
107.5017 	EXP 	grating: autoDraw = True
107.8019 	EXP 	grating: autoDraw = False
108.3229 	EXP 	New trial (rep=53, index=0): None
108.3249 	DATA 	Keypress: up
108.3350 	EXP 	fixation: autoDraw = False
108.3350 	EXP 	grating: autoDraw = False
108.3350 	EXP 	grating: ori = -3.0
108.3350 	EXP 	fixation: autoDraw = True
109.3350 	EXP 	fixation: autoDraw = False
109.3350 	EXP 	grating: autoDraw = True
109.6348 	EXP 	grating: autoDraw = False
110.0551 	EXP 	New trial (rep=54, index=0): None
110.0565 	DATA 	Keypress: down
110.0678 	EXP 	fixation: autoDraw = False
110.0678 	EXP 	grating: autoDraw = False
110.0678 	EXP 	grating: ori = -5.0
110.0678 	EXP 	fixation: autoDraw = True
111.0681 	EXP 	fixation: autoDraw = False
111.0681 	EXP 	grating: autoDraw = True
111.3679 	EXP 	grating: autoDraw = False
111.7550 	EXP 	New trial (rep=55, index=0): None
111.7571 	DATA 	Keypress: down
111.7681 	EXP 	fixation: autoDraw = False
111.7681 	EXP 	grating: autoDraw = False
111.7681 	EXP 	grating: ori = 0.0
111.7681 	EXP 	fixation: autoDraw = True
112.7681 	EXP 	fixation: autoDraw = False
112.7681 	EXP 	grating: autoDraw = True
113.0677 	EXP 	grating: autoDraw = False
113.5198 	EXP 	New trial (rep=56, index=0): None
113.5208 	DATA 	Keypress: up
113.5341 	EXP 	fixation: autoDraw = False
113.5341 	EXP 	grating: autoDraw = False
113.5341 	EXP 	grating: ori = 1.0
113.5341 	EXP 	fixation: autoDraw = True
114.5341 	EXP 	fixation: autoDraw = False
114.5341 	EXP 	grating: autoDraw = True
114.8341 	EXP 	grating: autoDraw = False
115.0530 	EXP 	New trial (rep=57, index=0): None
115.0540 	DATA 	Keypress: up
115.0672 	EXP 	fixation: autoDraw = False
115.0672 	EXP 	grating: autoDraw = False
115.0672 	EXP 	grating: ori = -5.0
115.0672 	EXP 	fixation: autoDraw = True
116.0671 	EXP 	fixation: autoDraw = False
116.0671 	EXP 	grating: autoDraw = True
116.3673 	EXP 	grating: autoDraw = False
116.7529 	EXP 	New trial (rep=58, index=0): None
116.7538 	DATA 	Keypress: down
116.7668 	EXP 	fixation: autoDraw = False
116.7668 	EXP 	grating: autoDraw = False
116.7668 	EXP 	grating: ori = 0.0
116.7668 	EXP 	fixation: autoDraw = True
117.7670 	EXP 	fixation: autoDraw = False
117.7670 	EXP 	grating: autoDraw = True
118.0670 	EXP 	grating: autoDraw = False
118.6691 	EXP 	New trial (rep=59, index=0): None
118.6702 	DATA 	Keypress: up
118.6835 	EXP 	fixation: autoDraw = False
118.6835 	EXP 	grating: autoDraw = False
118.6835 	EXP 	grating: ori = 0.0
118.6835 	EXP 	fixation: autoDraw = True
119.6833 	EXP 	fixation: autoDraw = False
119.6833 	EXP 	grating: autoDraw = True
119.9834 	EXP 	grating: autoDraw = False
120.2878 	EXP 	New trial (rep=60, index=0): None
120.2897 	DATA 	Keypress: up
120.2998 	EXP 	fixation: autoDraw = False
120.2998 	EXP 	grating: autoDraw = False
120.2998 	EXP 	grating: ori = 2.0
120.2998 	EXP 	fixation: autoDraw = True
121.2999 	EXP 	fixation: autoDraw = False
121.2999 	EXP 	grating: autoDraw = True
121.6002 	EXP 	grating: autoDraw = False
121.8542 	EXP 	New trial (rep=61, index=0): None
121.8559 	DATA 	Keypress: up
121.8665 	EXP 	fixation: autoDraw = False
121.8665 	EXP 	grating: autoDraw = False
121.8665 	EXP 	grating: ori = 0.0
121.8665 	EXP 	fixation: autoDraw = True
122.8665 	EXP 	fixation: autoDraw = False
122.8665 	EXP 	grating: autoDraw = True
123.1665 	EXP 	grating: autoDraw = False
123.5021 	EXP 	New trial (rep=62, index=0): None
123.5030 	DATA 	Keypress: up
123.5161 	EXP 	fixation: autoDraw = False
123.5161 	EXP 	grating: autoDraw = False
123.5161 	EXP 	grating: ori = -2.0
123.5161 	EXP 	fixation: autoDraw = True
124.5160 	EXP 	fixation: autoDraw = False
124.5160 	EXP 	grating: autoDraw = True
124.8161 	EXP 	grating: autoDraw = False
125.0850 	EXP 	New trial (rep=63, index=0): None
125.0860 	DATA 	Keypress: up
125.0993 	EXP 	fixation: autoDraw = False
125.0993 	EXP 	grating: autoDraw = False
125.0993 	EXP 	grating: ori = -3.0
125.0993 	EXP 	fixation: autoDraw = True
126.0993 	EXP 	fixation: autoDraw = False
126.0993 	EXP 	grating: autoDraw = True
126.3992 	EXP 	grating: autoDraw = False
126.6369 	EXP 	New trial (rep=64, index=0): None
126.6385 	DATA 	Keypress: up
126.6491 	EXP 	fixation: autoDraw = False
126.6491 	EXP 	grating: autoDraw = False
126.6491 	EXP 	grating: ori = 3.0
126.6491 	EXP 	fixation: autoDraw = True
127.6493 	EXP 	fixation: autoDraw = False
127.6493 	EXP 	grating: autoDraw = True
127.9492 	EXP 	grating: autoDraw = False
128.2035 	EXP 	New trial (rep=65, index=0): None
128.2051 	DATA 	Keypress: up
128.2158 	EXP 	fixation: autoDraw = False
128.2158 	EXP 	grating: autoDraw = False
128.2158 	EXP 	grating: ori = 0.0
128.2158 	EXP 	fixation: autoDraw = True
129.2157 	EXP 	fixation: autoDraw = False
129.2157 	EXP 	grating: autoDraw = True
129.5156 	EXP 	grating: autoDraw = False
129.6020 	EXP 	New trial (rep=66, index=0): None
129.6034 	DATA 	Keypress: up
129.6155 	EXP 	fixation: autoDraw = False
129.6155 	EXP 	grating: autoDraw = False
129.6155 	EXP 	grating: ori = 3.0
129.6155 	EXP 	fixation: autoDraw = True
130.6154 	EXP 	fixation: autoDraw = False
130.6154 	EXP 	grating: autoDraw = True
130.9153 	EXP 	grating: autoDraw = False
131.3526 	EXP 	New trial (rep=67, index=0): None
131.3546 	DATA 	Keypress: down
131.3654 	EXP 	fixation: autoDraw = False
131.3654 	EXP 	grating: autoDraw = False
131.3654 	EXP 	grating: ori = 0.0
131.3654 	EXP 	fixation: autoDraw = True
132.3650 	EXP 	fixation: autoDraw = False
132.3650 	EXP 	grating: autoDraw = True
132.6650 	EXP 	grating: autoDraw = False
132.8859 	EXP 	New trial (rep=68, index=0): None
132.8876 	DATA 	Keypress: up
132.8983 	EXP 	fixation: autoDraw = False
132.8983 	EXP 	grating: autoDraw = False
132.8983 	EXP 	grating: ori = 0.0
132.8983 	EXP 	fixation: autoDraw = True
133.8982 	EXP 	fixation: autoDraw = False
133.8982 	EXP 	grating: autoDraw = True
134.1982 	EXP 	grating: autoDraw = False
134.4710 	EXP 	New trial (rep=69, index=0): None
134.4728 	DATA 	Keypress: up
134.4818 	EXP 	fixation: autoDraw = False
134.4818 	EXP 	grating: autoDraw = False
134.4818 	EXP 	grating: ori = -5.0
134.4818 	EXP 	fixation: autoDraw = True
135.4816 	EXP 	fixation: autoDraw = False
135.4816 	EXP 	grating: autoDraw = True
135.7815 	EXP 	grating: autoDraw = False
136.0693 	EXP 	New trial (rep=70, index=0): None
136.0712 	DATA 	Keypress: up
136.0813 	EXP 	fixation: autoDraw = False
136.0813 	EXP 	grating: autoDraw = False
136.0813 	EXP 	grating: ori = 0.0
136.0813 	EXP 	fixation: autoDraw = True
137.0812 	EXP 	fixation: autoDraw = False
137.0812 	EXP 	grating: autoDraw = True
137.3813 	EXP 	grating: autoDraw = False
137.7015 	EXP 	New trial (rep=71, index=0): None
137.7035 	DATA 	Keypress: up
137.7146 	EXP 	fixation: autoDraw = False
137.7146 	EXP 	grating: autoDraw = False
137.7146 	EXP 	grating: ori = -1.0
137.7146 	EXP 	fixation: autoDraw = True
138.7144 	EXP 	fixation: autoDraw = False
138.7144 	EXP 	grating: autoDraw = True
139.0144 	EXP 	grating: autoDraw = False
139.4521 	EXP 	New trial (rep=72, index=0): None
139.4535 	DATA 	Keypress: up
139.4643 	EXP 	fixation: autoDraw = False
139.4643 	EXP 	grating: autoDraw = False
139.4643 	EXP 	grating: ori = 0.0
139.4643 	EXP 	fixation: autoDraw = True
140.4640 	EXP 	fixation: autoDraw = False
140.4640 	EXP 	grating: autoDraw = True
140.7640 	EXP 	grating: autoDraw = False
141.3494 	EXP 	New trial (rep=73, index=0): None
141.3504 	DATA 	Keypress: down
141.3637 	EXP 	fixation: autoDraw = False
141.3637 	EXP 	grating: autoDraw = False
141.3637 	EXP 	grating: ori = 0.0
141.3637 	EXP 	fixation: autoDraw = True
142.3636 	EXP 	fixation: autoDraw = False
142.3636 	EXP 	grating: autoDraw = True
142.6637 	EXP 	grating: autoDraw = False
143.1508 	EXP 	New trial (rep=74, index=0): None
143.1518 	DATA 	Keypress: down
143.1637 	EXP 	fixation: autoDraw = False
143.1637 	EXP 	grating: autoDraw = False
143.1637 	EXP 	grating: ori = 1.0
143.1637 	EXP 	fixation: autoDraw = True
144.1639 	EXP 	fixation: autoDraw = False
144.1639 	EXP 	grating: autoDraw = True
144.4636 	EXP 	grating: autoDraw = False
145.9995 	EXP 	New trial (rep=75, index=0): None
146.0006 	DATA 	Keypress: down
146.0131 	EXP 	fixation: autoDraw = False
146.0131 	EXP 	grating: autoDraw = False
146.0131 	EXP 	grating: ori = 4.0
146.0131 	EXP 	fixation: autoDraw = True
147.0134 	EXP 	fixation: autoDraw = False
147.0134 	EXP 	grating: autoDraw = True
147.3133 	EXP 	grating: autoDraw = False
147.8002 	EXP 	New trial (rep=76, index=0): None
147.8016 	DATA 	Keypress: down
147.8132 	EXP 	fixation: autoDraw = False
147.8132 	EXP 	grating: autoDraw = False
147.8132 	EXP 	grating: ori = 0.0
147.8132 	EXP 	fixation: autoDraw = True
148.8131 	EXP 	fixation: autoDraw = False
148.8131 	EXP 	grating: autoDraw = True
149.1129 	EXP 	grating: autoDraw = False
152.0844 	EXP 	New trial (rep=77, index=0): None
152.0859 	DATA 	Keypress: down
152.0959 	EXP 	fixation: autoDraw = False
152.0959 	EXP 	grating: autoDraw = False
152.0959 	EXP 	grating: ori = 2.0
152.0959 	EXP 	fixation: autoDraw = True
153.0959 	EXP 	fixation: autoDraw = False
153.0959 	EXP 	grating: autoDraw = True
153.3960 	EXP 	grating: autoDraw = False
153.8170 	EXP 	New trial (rep=78, index=0): None
153.8185 	DATA 	Keypress: up
153.8290 	EXP 	fixation: autoDraw = False
153.8290 	EXP 	grating: autoDraw = False
153.8290 	EXP 	grating: ori = -3.0
153.8290 	EXP 	fixation: autoDraw = True
154.8292 	EXP 	fixation: autoDraw = False
154.8292 	EXP 	grating: autoDraw = True
155.1291 	EXP 	grating: autoDraw = False
155.7666 	EXP 	New trial (rep=79, index=0): None
155.7685 	DATA 	Keypress: down
155.7790 	EXP 	fixation: autoDraw = False
155.7790 	EXP 	grating: autoDraw = False
155.7790 	EXP 	grating: ori = 0.0
155.7790 	EXP 	fixation: autoDraw = True
156.7789 	EXP 	fixation: autoDraw = False
156.7789 	EXP 	grating: autoDraw = True
157.0786 	EXP 	grating: autoDraw = False
169.6295 	EXP 	New trial (rep=80, index=0): None
169.6305 	DATA 	Keypress: up
169.6436 	EXP 	fixation: autoDraw = False
169.6436 	EXP 	grating: autoDraw = False
169.6436 	EXP 	grating: ori = -4.0
169.6436 	EXP 	fixation: autoDraw = True
170.6435 	EXP 	fixation: autoDraw = False
170.6435 	EXP 	grating: autoDraw = True
170.9438 	EXP 	grating: autoDraw = False
172.0466 	EXP 	New trial (rep=81, index=0): None
172.0476 	DATA 	Keypress: down
172.0597 	EXP 	fixation: autoDraw = False
172.0597 	EXP 	grating: autoDraw = False
172.0597 	EXP 	grating: ori = 1.0
172.0597 	EXP 	fixation: autoDraw = True
173.0601 	EXP 	fixation: autoDraw = False
173.0601 	EXP 	grating: autoDraw = True
173.3599 	EXP 	grating: autoDraw = False
174.1956 	EXP 	New trial (rep=82, index=0): None
174.1966 	DATA 	Keypress: up
174.2095 	EXP 	fixation: autoDraw = False
174.2095 	EXP 	grating: autoDraw = False
174.2095 	EXP 	grating: ori = 0.0
174.2095 	EXP 	fixation: autoDraw = True
175.2097 	EXP 	fixation: autoDraw = False
175.2097 	EXP 	grating: autoDraw = True
175.5095 	EXP 	grating: autoDraw = False
176.1287 	EXP 	New trial (rep=83, index=0): None
176.1297 	DATA 	Keypress: up
176.1425 	EXP 	fixation: autoDraw = False
176.1425 	EXP 	grating: autoDraw = False
176.1425 	EXP 	grating: ori = 0.0
176.1425 	EXP 	fixation: autoDraw = True
177.1425 	EXP 	fixation: autoDraw = False
177.1425 	EXP 	grating: autoDraw = True
177.4424 	EXP 	grating: autoDraw = False
177.6286 	EXP 	New trial (rep=84, index=0): None
177.6296 	DATA 	Keypress: up
177.6424 	EXP 	fixation: autoDraw = False
177.6424 	EXP 	grating: autoDraw = False
177.6424 	EXP 	grating: ori = -3.0
177.6424 	EXP 	fixation: autoDraw = True
178.6425 	EXP 	fixation: autoDraw = False
178.6425 	EXP 	grating: autoDraw = True
178.9423 	EXP 	grating: autoDraw = False
179.4439 	EXP 	New trial (rep=85, index=0): None
179.4448 	DATA 	Keypress: up
179.4588 	EXP 	fixation: autoDraw = False
179.4588 	EXP 	grating: autoDraw = False
179.4588 	EXP 	grating: ori = 3.0
179.4588 	EXP 	fixation: autoDraw = True
180.4588 	EXP 	fixation: autoDraw = False
180.4588 	EXP 	grating: autoDraw = True
180.7587 	EXP 	grating: autoDraw = False
182.7443 	EXP 	New trial (rep=86, index=0): None
182.7453 	DATA 	Keypress: up
182.7587 	EXP 	fixation: autoDraw = False
182.7587 	EXP 	grating: autoDraw = False
182.7587 	EXP 	grating: ori = 2.0
182.7587 	EXP 	fixation: autoDraw = True
183.7585 	EXP 	fixation: autoDraw = False
183.7585 	EXP 	grating: autoDraw = True
184.0583 	EXP 	grating: autoDraw = False
184.3112 	EXP 	New trial (rep=87, index=0): None
184.3122 	DATA 	Keypress: up
184.3249 	EXP 	fixation: autoDraw = False
184.3249 	EXP 	grating: autoDraw = False
184.3249 	EXP 	grating: ori = 0.0
184.3249 	EXP 	fixation: autoDraw = True
185.3082 	EXP 	grating: autoDraw = True
185.3251 	EXP 	fixation: autoDraw = False
185.6083 	EXP 	grating: autoDraw = False
185.6771 	EXP 	New trial (rep=88, index=0): None
185.6781 	DATA 	Keypress: up
185.6914 	EXP 	fixation: autoDraw = False
185.6914 	EXP 	grating: autoDraw = False
185.6914 	EXP 	grating: ori = 0.0
185.6914 	EXP 	fixation: autoDraw = True
186.6914 	EXP 	fixation: autoDraw = False
186.6914 	EXP 	grating: autoDraw = True
186.9914 	EXP 	grating: autoDraw = False
187.0612 	EXP 	New trial (rep=89, index=0): None
187.0622 	DATA 	Keypress: up
187.0747 	EXP 	fixation: autoDraw = False
187.0747 	EXP 	grating: autoDraw = False
187.0747 	EXP 	grating: ori = 0.0
187.0747 	EXP 	fixation: autoDraw = True
188.0744 	EXP 	fixation: autoDraw = False
188.0744 	EXP 	grating: autoDraw = True
188.3747 	EXP 	grating: autoDraw = False
188.5601 	EXP 	New trial (rep=90, index=0): None
188.5611 	DATA 	Keypress: up
188.5745 	EXP 	fixation: autoDraw = False
188.5745 	EXP 	grating: autoDraw = False
188.5745 	EXP 	grating: ori = 0.0
188.5745 	EXP 	fixation: autoDraw = True
189.5745 	EXP 	fixation: autoDraw = False
189.5745 	EXP 	grating: autoDraw = True
189.8742 	EXP 	grating: autoDraw = False
190.0767 	EXP 	New trial (rep=91, index=0): None
190.0777 	DATA 	Keypress: up
190.0910 	EXP 	fixation: autoDraw = False
190.0910 	EXP 	grating: autoDraw = False
190.0910 	EXP 	grating: ori = -1.0
190.0910 	EXP 	fixation: autoDraw = True
191.0908 	EXP 	fixation: autoDraw = False
191.0908 	EXP 	grating: autoDraw = True
191.3909 	EXP 	grating: autoDraw = False
191.6265 	EXP 	New trial (rep=92, index=0): None
191.6275 	DATA 	Keypress: up
191.6408 	EXP 	fixation: autoDraw = False
191.6408 	EXP 	grating: autoDraw = False
191.6408 	EXP 	grating: ori = 3.0
191.6408 	EXP 	fixation: autoDraw = True
192.6408 	EXP 	fixation: autoDraw = False
192.6408 	EXP 	grating: autoDraw = True
192.9406 	EXP 	grating: autoDraw = False
193.0609 	EXP 	New trial (rep=93, index=0): None
193.0628 	DATA 	Keypress: up
193.0740 	EXP 	fixation: autoDraw = False
193.0740 	EXP 	grating: autoDraw = False
193.0740 	EXP 	grating: ori = 0.0
193.0740 	EXP 	fixation: autoDraw = True
194.0739 	EXP 	fixation: autoDraw = False
194.0739 	EXP 	grating: autoDraw = True
194.3737 	EXP 	grating: autoDraw = False
194.6262 	EXP 	New trial (rep=94, index=0): None
194.6273 	DATA 	Keypress: up
194.6404 	EXP 	fixation: autoDraw = False
194.6404 	EXP 	grating: autoDraw = False
194.6404 	EXP 	grating: ori = 0.0
194.6404 	EXP 	fixation: autoDraw = True
195.6403 	EXP 	fixation: autoDraw = False
195.6403 	EXP 	grating: autoDraw = True
195.9400 	EXP 	grating: autoDraw = False
196.2091 	EXP 	New trial (rep=95, index=0): None
196.2101 	DATA 	Keypress: up
196.2237 	EXP 	fixation: autoDraw = False
196.2237 	EXP 	grating: autoDraw = False
196.2237 	EXP 	grating: ori = 0.0
196.2237 	EXP 	fixation: autoDraw = True
197.2232 	EXP 	fixation: autoDraw = False
197.2232 	EXP 	grating: autoDraw = True
197.5233 	EXP 	grating: autoDraw = False
197.9926 	EXP 	New trial (rep=96, index=0): None
197.9936 	DATA 	Keypress: up
198.0066 	EXP 	fixation: autoDraw = False
198.0066 	EXP 	grating: autoDraw = False
198.0066 	EXP 	grating: ori = 0.0
198.0066 	EXP 	fixation: autoDraw = True
199.0066 	EXP 	fixation: autoDraw = False
199.0066 	EXP 	grating: autoDraw = True
199.3065 	EXP 	grating: autoDraw = False
199.4921 	EXP 	New trial (rep=97, index=0): None
199.4931 	DATA 	Keypress: up
199.5063 	EXP 	fixation: autoDraw = False
199.5063 	EXP 	grating: autoDraw = False
199.5063 	EXP 	grating: ori = 0.0
199.5063 	EXP 	fixation: autoDraw = True
200.5064 	EXP 	fixation: autoDraw = False
200.5064 	EXP 	grating: autoDraw = True
200.8061 	EXP 	grating: autoDraw = False
201.0254 	EXP 	New trial (rep=98, index=0): None
201.0265 	DATA 	Keypress: up
201.0395 	EXP 	fixation: autoDraw = False
201.0395 	EXP 	grating: autoDraw = False
201.0395 	EXP 	grating: ori = 2.0
201.0395 	EXP 	fixation: autoDraw = True
202.0393 	EXP 	fixation: autoDraw = False
202.0393 	EXP 	grating: autoDraw = True
202.3395 	EXP 	grating: autoDraw = False
202.5750 	EXP 	New trial (rep=99, index=0): None
202.5760 	DATA 	Keypress: up
202.5893 	EXP 	fixation: autoDraw = False
202.5893 	EXP 	grating: autoDraw = False
202.5893 	EXP 	grating: ori = 1.0
202.5893 	EXP 	fixation: autoDraw = True
203.5891 	EXP 	fixation: autoDraw = False
203.5891 	EXP 	grating: autoDraw = True
203.8889 	EXP 	grating: autoDraw = False
204.0920 	DATA 	Keypress: up
204.1057 	EXP 	fixation: autoDraw = False
204.1057 	EXP 	grating: autoDraw = False
204.3250 	EXP 	window1: mouseVisible = True
